Job start: Wed Apr 29 12:24:25 AM CDT 2026
Repository root: /work2/08667/yuuuhang/stampede3/GOATTM
Python: /work2/08667/yuuuhang/anaconda3/envs/fenicsx-clean/bin/python3
Launcher: ibrun
SLURM_NTASKS: 112
MPI_RANKS: 112
MPICH_CH4_NETMOD: ofi
FI_PROVIDER: opx
NTRAIN: 448
NTEST: 112
LATENT_RANK range: 8..10
OPTIMIZER: lbfgs
OUTPUT_ROOT: /work2/08667/yuuuhang/stampede3/GOATTM/demo/outputs/slurm_runs
----------------------------------------
Starting LATENT_RANK=8 at Wed Apr 29 12:24:25 AM CDT 2026
RUN_TAG: 20260429_002423_goattm_demo_ntrain448_ntest112_lbfgs_r8
OUTPUT_DIR: /work2/08667/yuuuhang/stampede3/GOATTM/demo/outputs/slurm_runs/20260429_002423_goattm_demo_ntrain448_ntest112_lbfgs_r8
Running GOATTM demo from /work2/08667/yuuuhang/stampede3/GOATTM
Conda env: fenicsx-clean
MPI ranks: 112
Output dir: /work2/08667/yuuuhang/stampede3/GOATTM/demo/outputs/slurm_runs/20260429_002423_goattm_demo_ntrain448_ntest112_lbfgs_r8
TACC:  Starting up job 3068027 
TACC:  Starting parallel tasks... 

===================================================================================
=   BAD TERMINATION OF ONE OF YOUR APPLICATION PROCESSES
=   RANK 28 PID 164680 RUNNING AT c514-023
=   KILLED BY SIGNAL: 9 (Killed)
===================================================================================

===================================================================================
=   BAD TERMINATION OF ONE OF YOUR APPLICATION PROCESSES
=   RANK 29 PID 164681 RUNNING AT c514-023
=   KILLED BY SIGNAL: 9 (Killed)
===================================================================================

===================================================================================
=   BAD TERMINATION OF ONE OF YOUR APPLICATION PROCESSES
=   RANK 30 PID 164682 RUNNING AT c514-023
=   KILLED BY SIGNAL: 9 (Killed)
===================================================================================

===================================================================================
=   BAD TERMINATION OF ONE OF YOUR APPLICATION PROCESSES
=   RANK 31 PID 164683 RUNNING AT c514-023
=   KILLED BY SIGNAL: 9 (Killed)
===================================================================================

===================================================================================
=   BAD TERMINATION OF ONE OF YOUR APPLICATION PROCESSES
=   RANK 32 PID 164684 RUNNING AT c514-023
=   KILLED BY SIGNAL: 9 (Killed)
===================================================================================

===================================================================================
=   BAD TERMINATION OF ONE OF YOUR APPLICATION PROCESSES
=   RANK 33 PID 164685 RUNNING AT c514-023
=   KILLED BY SIGNAL: 9 (Killed)
===================================================================================

===================================================================================
=   BAD TERMINATION OF ONE OF YOUR APPLICATION PROCESSES
=   RANK 34 PID 164686 RUNNING AT c514-023
=   KILLED BY SIGNAL: 9 (Killed)
===================================================================================

===================================================================================
=   BAD TERMINATION OF ONE OF YOUR APPLICATION PROCESSES
=   RANK 35 PID 164687 RUNNING AT c514-023
=   KILLED BY SIGNAL: 9 (Killed)
===================================================================================

===================================================================================
=   BAD TERMINATION OF ONE OF YOUR APPLICATION PROCESSES
=   RANK 36 PID 164688 RUNNING AT c514-023
=   KILLED BY SIGNAL: 9 (Killed)
===================================================================================

===================================================================================
=   BAD TERMINATION OF ONE OF YOUR APPLICATION PROCESSES
=   RANK 37 PID 164689 RUNNING AT c514-023
=   KILLED BY SIGNAL: 9 (Killed)
===================================================================================

===================================================================================
=   BAD TERMINATION OF ONE OF YOUR APPLICATION PROCESSES
=   RANK 38 PID 164690 RUNNING AT c514-023
=   KILLED BY SIGNAL: 9 (Killed)
===================================================================================

===================================================================================
=   BAD TERMINATION OF ONE OF YOUR APPLICATION PROCESSES
=   RANK 39 PID 164691 RUNNING AT c514-023
=   KILLED BY SIGNAL: 9 (Killed)
===================================================================================

===================================================================================
=   BAD TERMINATION OF ONE OF YOUR APPLICATION PROCESSES
=   RANK 40 PID 164692 RUNNING AT c514-023
=   KILLED BY SIGNAL: 9 (Killed)
===================================================================================

===================================================================================
=   BAD TERMINATION OF ONE OF YOUR APPLICATION PROCESSES
=   RANK 41 PID 164693 RUNNING AT c514-023
=   KILLED BY SIGNAL: 9 (Killed)
===================================================================================

===================================================================================
=   BAD TERMINATION OF ONE OF YOUR APPLICATION PROCESSES
=   RANK 42 PID 164694 RUNNING AT c514-023
=   KILLED BY SIGNAL: 9 (Killed)
===================================================================================

===================================================================================
=   BAD TERMINATION OF ONE OF YOUR APPLICATION PROCESSES
=   RANK 43 PID 164695 RUNNING AT c514-023
=   KILLED BY SIGNAL: 9 (Killed)
===================================================================================

===================================================================================
=   BAD TERMINATION OF ONE OF YOUR APPLICATION PROCESSES
=   RANK 44 PID 164696 RUNNING AT c514-023
=   KILLED BY SIGNAL: 9 (Killed)
===================================================================================

===================================================================================
=   BAD TERMINATION OF ONE OF YOUR APPLICATION PROCESSES
=   RANK 45 PID 164697 RUNNING AT c514-023
=   KILLED BY SIGNAL: 9 (Killed)
===================================================================================

===================================================================================
=   BAD TERMINATION OF ONE OF YOUR APPLICATION PROCESSES
=   RANK 46 PID 164698 RUNNING AT c514-023
=   KILLED BY SIGNAL: 9 (Killed)
===================================================================================

===================================================================================
=   BAD TERMINATION OF ONE OF YOUR APPLICATION PROCESSES
=   RANK 47 PID 164699 RUNNING AT c514-023
=   KILLED BY SIGNAL: 9 (Killed)
===================================================================================

===================================================================================
=   BAD TERMINATION OF ONE OF YOUR APPLICATION PROCESSES
=   RANK 48 PID 164700 RUNNING AT c514-023
=   KILLED BY SIGNAL: 9 (Killed)
===================================================================================
TACC:  MPI job exited with code: 255 
TACC:  Shutdown complete. Exiting. 
