Abort(339864079) on node 2: Fatal error in internal_Init_thread: Other MPI error, error stack:
internal_Init_thread(71)......: MPI_Init_thread(argc=(nil), argv=(nil), required=3, provided=0x7ffc0471eee8) failed
MPII_Init_thread(282).........: 
MPIR_init_comm_world(34)......: 
MPIR_Comm_commit(794).........: 
MPIR_Comm_commit_internal(579): 
MPID_Comm_commit_pre_hook(151): 
MPIDI_world_pre_init(669).....: 
MPIDI_UCX_init_world(278).....: 
initial_address_exchange(121).:  ucx function returned with failed status(ucx_init.c 121 initial_address_exchange Input/output error)
Abort(541190671) on node 113: Fatal error in internal_Init_thread: Other MPI error, error stack:
internal_Init_thread(71)......: MPI_Init_thread(argc=(nil), argv=(nil), required=3, provided=0x7ffe8d2aee38) failed
MPII_Init_thread(282).........: 
MPIR_init_comm_world(34)......: 
MPIR_Comm_commit(794).........: 
MPIR_Comm_commit_internal(579): 
MPID_Comm_commit_pre_hook(151): 
MPIDI_world_pre_init(669).....: 
MPIDI_UCX_init_world(278).....: 
initial_address_exchange(121).:  ucx function returned with failed status(ucx_init.c 121 initial_address_exchange Input/output error)
Abort(406972943) on node 114: Fatal error in internal_Init_thread: Other MPI error, error stack:
internal_Init_thread(71)......: MPI_Init_thread(argc=(nil), argv=(nil), required=3, provided=0x7ffdfd843b08) failed
MPII_Init_thread(282).........: 
MPIR_init_comm_world(34)......: 
MPIR_Comm_commit(794).........: 
MPIR_Comm_commit_internal(579): 
MPID_Comm_commit_pre_hook(151): 
MPIDI_world_pre_init(669).....: 
MPIDI_UCX_init_world(278).....: 
initial_address_exchange(121).:  ucx function returned with failed status(ucx_init.c 121 initial_address_exchange Input/output error)
Abort(406972943) on node 55: Fatal error in internal_Init_thread: Other MPI error, error stack:
internal_Init_thread(71)......: MPI_Init_thread(argc=(nil), argv=(nil), required=3, provided=0x7fff3b607eb8) failed
MPII_Init_thread(282).........: 
MPIR_init_comm_world(34)......: 
MPIR_Comm_commit(794).........: 
MPIR_Comm_commit_internal(579): 
MPID_Comm_commit_pre_hook(151): 
MPIDI_world_pre_init(669).....: 
MPIDI_UCX_init_world(278).....: 
initial_address_exchange(121).:  ucx function returned with failed status(ucx_init.c 121 initial_address_exchange Input/output error)
Abort(474081807) on node 167: Fatal error in internal_Init_thread: Other MPI error, error stack:
internal_Init_thread(71)......: MPI_Init_thread(argc=(nil), argv=(nil), required=3, provided=0x7ffe8b5901b8) failed
MPII_Init_thread(282).........: 
MPIR_init_comm_world(34)......: 
MPIR_Comm_commit(794).........: 
MPIR_Comm_commit_internal(579): 
MPID_Comm_commit_pre_hook(151): 
MPIDI_world_pre_init(669).....: 
MPIDI_UCX_init_world(278).....: 
initial_address_exchange(121).:  ucx function returned with failed status(ucx_init.c 121 initial_address_exchange Input/output error)
Abort(4319759) on node 1: Fatal error in internal_Init_thread: Other MPI error, error stack:
internal_Init_thread(71)......: MPI_Init_thread(argc=(nil), argv=(nil), required=3, provided=0x7ffe671bd978) failed
MPII_Init_thread(282).........: 
MPIR_init_comm_world(34)......: 
MPIR_Comm_commit(794).........: 
MPIR_Comm_commit_internal(579): 
MPID_Comm_commit_pre_hook(151): 
MPIDI_world_pre_init(669).....: 
MPIDI_UCX_init_world(278).....: 
initial_address_exchange(121).:  ucx function returned with failed status(ucx_init.c 121 initial_address_exchange Input/output error)
Abort(138537487) on node 114: Fatal error in internal_Init_thread: Other MPI error, error stack:
internal_Init_thread(71)......: MPI_Init_thread(argc=(nil), argv=(nil), required=3, provided=0x7ffe39a669d8) failed
MPII_Init_thread(282).........: 
MPIR_init_comm_world(34)......: 
MPIR_Comm_commit(794).........: 
MPIR_Comm_commit_internal(579): 
MPID_Comm_commit_pre_hook(151): 
MPIDI_world_pre_init(669).....: 
MPIDI_UCX_init_world(278).....: 
initial_address_exchange(121).:  ucx function returned with failed status(ucx_init.c 121 initial_address_exchange Input/output error)
Abort(205646351) on node 2: Fatal error in internal_Init_thread: Other MPI error, error stack:
internal_Init_thread(71)......: MPI_Init_thread(argc=(nil), argv=(nil), required=3, provided=0x7ffec5274a18) failed
MPII_Init_thread(282).........: 
MPIR_init_comm_world(34)......: 
MPIR_Comm_commit(794).........: 
MPIR_Comm_commit_internal(579): 
MPID_Comm_commit_pre_hook(151): 
MPIDI_world_pre_init(669).....: 
MPIDI_UCX_init_world(278).....: 
initial_address_exchange(121).:  ucx function returned with failed status(ucx_init.c 121 initial_address_exchange Input/output error)
Abort(1010952719) on node 114: Fatal error in internal_Init_thread: Other MPI error, error stack:
internal_Init_thread(71)......: MPI_Init_thread(argc=(nil), argv=(nil), required=3, provided=0x7ffcb63d2408) failed
MPII_Init_thread(282).........: 
MPIR_init_comm_world(34)......: 
MPIR_Comm_commit(794).........: 
MPIR_Comm_commit_internal(579): 
MPID_Comm_commit_pre_hook(151): 
MPIDI_world_pre_init(669).....: 
MPIDI_UCX_init_world(278).....: 
initial_address_exchange(121).:  ucx function returned with failed status(ucx_init.c 121 initial_address_exchange Input/output error)
Abort(675408399) on node 1: Fatal error in internal_Init_thread: Other MPI error, error stack:
internal_Init_thread(71)......: MPI_Init_thread(argc=(nil), argv=(nil), required=3, provided=0x7ffe60cf48c8) failed
MPII_Init_thread(282).........: 
MPIR_init_comm_world(34)......: 
MPIR_Comm_commit(794).........: 
MPIR_Comm_commit_internal(579): 
MPID_Comm_commit_pre_hook(151): 
MPIDI_world_pre_init(669).....: 
MPIDI_UCX_init_world(278).....: 
initial_address_exchange(121).:  ucx function returned with failed status(ucx_init.c 121 initial_address_exchange Input/output error)
Abort(4319759) on node 2: Fatal error in internal_Init_thread: Other MPI error, error stack:
internal_Init_thread(71)......: MPI_Init_thread(argc=(nil), argv=(nil), required=3, provided=0x7ffc3c14c2f8) failed
MPII_Init_thread(282).........: 
MPIR_init_comm_world(34)......: 
MPIR_Comm_commit(794).........: 
MPIR_Comm_commit_internal(579): 
MPID_Comm_commit_pre_hook(151): 
MPIDI_world_pre_init(669).....: 
MPIDI_UCX_init_world(278).....: 
initial_address_exchange(121).:  ucx function returned with failed status(ucx_init.c 121 initial_address_exchange Input/output error)
Abort(272755215) on node 113: Fatal error in internal_Init_thread: Other MPI error, error stack:
internal_Init_thread(71)......: MPI_Init_thread(argc=(nil), argv=(nil), required=3, provided=0x7fff8fc954d8) failed
MPII_Init_thread(282).........: 
MPIR_init_comm_world(34)......: 
MPIR_Comm_commit(794).........: 
MPIR_Comm_commit_internal(579): 
MPID_Comm_commit_pre_hook(151): 
MPIDI_world_pre_init(669).....: 
MPIDI_UCX_init_world(278).....: 
initial_address_exchange(121).:  ucx function returned with failed status(ucx_init.c 121 initial_address_exchange Input/output error)
Abort(71428623) on node 167: Fatal error in internal_Init_thread: Other MPI error, error stack:
internal_Init_thread(71)......: MPI_Init_thread(argc=(nil), argv=(nil), required=3, provided=0x7ffed13fb2c8) failed
MPII_Init_thread(282).........: 
MPIR_init_comm_world(34)......: 
MPIR_Comm_commit(794).........: 
MPIR_Comm_commit_internal(579): 
MPID_Comm_commit_pre_hook(151): 
MPIDI_world_pre_init(669).....: 
MPIDI_UCX_init_world(278).....: 
initial_address_exchange(121).:  ucx function returned with failed status(ucx_init.c 121 initial_address_exchange Input/output error)
Abort(1010952719) on node 29: Fatal error in internal_Init_thread: Other MPI error, error stack:
internal_Init_thread(71)......: MPI_Init_thread(argc=(nil), argv=(nil), required=3, provided=0x7ffc34114c58) failed
MPII_Init_thread(282).........: 
MPIR_init_comm_world(34)......: 
MPIR_Comm_commit(794).........: 
MPIR_Comm_commit_internal(579): 
MPID_Comm_commit_pre_hook(151): 
MPIDI_world_pre_init(669).....: 
MPIDI_UCX_init_world(278).....: 
initial_address_exchange(121).:  ucx function returned with failed status(ucx_init.c 121 initial_address_exchange Input/output error)
Abort(742517263) on node 8: Fatal error in internal_Init_thread: Other MPI error, error stack:
internal_Init_thread(71)......: MPI_Init_thread(argc=(nil), argv=(nil), required=3, provided=0x7ffc4fe50588) failed
MPII_Init_thread(282).........: 
MPIR_init_comm_world(34)......: 
MPIR_Comm_commit(794).........: 
MPIR_Comm_commit_internal(579): 
MPID_Comm_commit_pre_hook(151): 
MPIDI_world_pre_init(669).....: 
MPIDI_UCX_init_world(278).....: 
initial_address_exchange(121).:  ucx function returned with failed status(ucx_init.c 121 initial_address_exchange Input/output error)
Abort(406972943) on node 114: Fatal error in internal_Init_thread: Other MPI error, error stack:
internal_Init_thread(71)......: MPI_Init_thread(argc=(nil), argv=(nil), required=3, provided=0x7ffcec473428) failed
MPII_Init_thread(282).........: 
MPIR_init_comm_world(34)......: 
MPIR_Comm_commit(794).........: 
MPIR_Comm_commit_internal(579): 
MPID_Comm_commit_pre_hook(151): 
MPIDI_world_pre_init(669).....: 
MPIDI_UCX_init_world(278).....: 
initial_address_exchange(121).:  ucx function returned with failed status(ucx_init.c 121 initial_address_exchange Input/output error)
Abort(608299535) on node 1: Fatal error in internal_Init_thread: Other MPI error, error stack:
internal_Init_thread(71)......: MPI_Init_thread(argc=(nil), argv=(nil), required=3, provided=0x7ffc42f0fd98) failed
MPII_Init_thread(282).........: 
MPIR_init_comm_world(34)......: 
MPIR_Comm_commit(794).........: 
MPIR_Comm_commit_internal(579): 
MPID_Comm_commit_pre_hook(151): 
MPIDI_world_pre_init(669).....: 
MPIDI_UCX_init_world(278).....: 
initial_address_exchange(121).:  ucx function returned with failed status(ucx_init.c 121 initial_address_exchange Input/output error)
Abort(943843855) on node 130: Fatal error in internal_Init_thread: Other MPI error, error stack:
internal_Init_thread(71)......: MPI_Init_thread(argc=(nil), argv=(nil), required=3, provided=0x7fffc98dd508) failed
MPII_Init_thread(282).........: 
MPIR_init_comm_world(34)......: 
MPIR_Comm_commit(794).........: 
MPIR_Comm_commit_internal(579): 
MPID_Comm_commit_pre_hook(151): 
MPIDI_world_pre_init(669).....: 
MPIDI_UCX_init_world(278).....: 
initial_address_exchange(121).:  ucx function returned with failed status(ucx_init.c 121 initial_address_exchange Input/output error)
Abort(138537487) on node 2: Fatal error in internal_Init_thread: Other MPI error, error stack:
internal_Init_thread(71)......: MPI_Init_thread(argc=(nil), argv=(nil), required=3, provided=0x7ffd04155268) failed
MPII_Init_thread(282).........: 
MPIR_init_comm_world(34)......: 
MPIR_Comm_commit(794).........: 
MPIR_Comm_commit_internal(579): 
MPID_Comm_commit_pre_hook(151): 
MPIDI_world_pre_init(669).....: 
MPIDI_UCX_init_world(278).....: 
initial_address_exchange(121).:  ucx function returned with failed status(ucx_init.c 121 initial_address_exchange Input/output error)
