Abort(943843855) on node 61: Fatal error in internal_Init_thread: Other MPI error, error stack:
internal_Init_thread(71)......: MPI_Init_thread(argc=(nil), argv=(nil), required=3, provided=0x7ffd911a7888) failed
MPII_Init_thread(282).........: 
MPIR_init_comm_world(34)......: 
MPIR_Comm_commit(794).........: 
MPIR_Comm_commit_internal(579): 
MPID_Comm_commit_pre_hook(151): 
MPIDI_world_pre_init(669).....: 
MPIDI_UCX_init_world(278).....: 
initial_address_exchange(121).:  ucx function returned with failed status(ucx_init.c 121 initial_address_exchange Input/output error)
Abort(541190671) on node 62: Fatal error in internal_Init_thread: Other MPI error, error stack:
internal_Init_thread(71)......: MPI_Init_thread(argc=(nil), argv=(nil), required=3, provided=0x7ffcd9b13b98) failed
MPII_Init_thread(282).........: 
MPIR_init_comm_world(34)......: 
MPIR_Comm_commit(794).........: 
MPIR_Comm_commit_internal(579): 
MPID_Comm_commit_pre_hook(151): 
MPIDI_world_pre_init(669).....: 
MPIDI_UCX_init_world(278).....: 
initial_address_exchange(121).:  ucx function returned with failed status(ucx_init.c 121 initial_address_exchange Input/output error)
Abort(406972943) on node 56: Fatal error in internal_Init_thread: Other MPI error, error stack:
internal_Init_thread(71)......: MPI_Init_thread(argc=(nil), argv=(nil), required=3, provided=0x7ffd3b3a8468) failed
MPII_Init_thread(282).........: 
MPIR_init_comm_world(34)......: 
MPIR_Comm_commit(794).........: 
MPIR_Comm_commit_internal(579): 
MPID_Comm_commit_pre_hook(151): 
MPIDI_world_pre_init(669).....: 
MPIDI_UCX_init_world(278).....: 
initial_address_exchange(121).:  ucx function returned with failed status(ucx_init.c 121 initial_address_exchange Input/output error)
Abort(406972943) on node 66: Fatal error in internal_Init_thread: Other MPI error, error stack:
internal_Init_thread(71)......: MPI_Init_thread(argc=(nil), argv=(nil), required=3, provided=0x7fffa1dec478) failed
MPII_Init_thread(282).........: 
MPIR_init_comm_world(34)......: 
MPIR_Comm_commit(794).........: 
MPIR_Comm_commit_internal(579): 
MPID_Comm_commit_pre_hook(151): 
MPIDI_world_pre_init(669).....: 
MPIDI_UCX_init_world(278).....: 
initial_address_exchange(121).:  ucx function returned with failed status(ucx_init.c 121 initial_address_exchange Input/output error)
Abort(876734991) on node 59: Fatal error in internal_Init_thread: Other MPI error, error stack:
internal_Init_thread(71)......: MPI_Init_thread(argc=(nil), argv=(nil), required=3, provided=0x7ffdb28e7a98) failed
MPII_Init_thread(282).........: 
MPIR_init_comm_world(34)......: 
MPIR_Comm_commit(794).........: 
MPIR_Comm_commit_internal(579): 
MPID_Comm_commit_pre_hook(151): 
MPIDI_world_pre_init(669).....: 
MPIDI_UCX_init_world(278).....: 
initial_address_exchange(121).:  ucx function returned with failed status(ucx_init.c 121 initial_address_exchange Input/output error)
Abort(608299535) on node 68: Fatal error in internal_Init_thread: Other MPI error, error stack:
internal_Init_thread(71)......: MPI_Init_thread(argc=(nil), argv=(nil), required=3, provided=0x7ffd576c1ce8) failed
MPII_Init_thread(282).........: 
MPIR_init_comm_world(34)......: 
MPIR_Comm_commit(794).........: 
MPIR_Comm_commit_internal(579): 
MPID_Comm_commit_pre_hook(151): 
MPIDI_world_pre_init(669).....: 
MPIDI_UCX_init_world(278).....: 
initial_address_exchange(121).:  ucx function returned with failed status(ucx_init.c 121 initial_address_exchange Input/output error)
Abort(406972943) on node 78: Fatal error in internal_Init_thread: Other MPI error, error stack:
internal_Init_thread(71)......: MPI_Init_thread(argc=(nil), argv=(nil), required=3, provided=0x7ffc4719e118) failed
MPII_Init_thread(282).........: 
MPIR_init_comm_world(34)......: 
MPIR_Comm_commit(794).........: 
MPIR_Comm_commit_internal(579): 
MPID_Comm_commit_pre_hook(151): 
MPIDI_world_pre_init(669).....: 
MPIDI_UCX_init_world(278).....: 
initial_address_exchange(121).:  ucx function returned with failed status(ucx_init.c 121 initial_address_exchange Input/output error)
Abort(943843855) on node 63: Fatal error in internal_Init_thread: Other MPI error, error stack:
internal_Init_thread(71)......: MPI_Init_thread(argc=(nil), argv=(nil), required=3, provided=0x7ffd053a6ac8) failed
MPII_Init_thread(282).........: 
MPIR_init_comm_world(34)......: 
MPIR_Comm_commit(794).........: 
MPIR_Comm_commit_internal(579): 
MPID_Comm_commit_pre_hook(151): 
MPIDI_world_pre_init(669).....: 
MPIDI_UCX_init_world(278).....: 
initial_address_exchange(121).:  ucx function returned with failed status(ucx_init.c 121 initial_address_exchange Input/output error)
Abort(1010952719) on node 76: Fatal error in internal_Init_thread: Other MPI error, error stack:
internal_Init_thread(71)......: MPI_Init_thread(argc=(nil), argv=(nil), required=3, provided=0x7ffd24743008) failed
MPII_Init_thread(282).........: 
MPIR_init_comm_world(34)......: 
MPIR_Comm_commit(794).........: 
MPIR_Comm_commit_internal(579): 
MPID_Comm_commit_pre_hook(151): 
MPIDI_world_pre_init(669).....: 
MPIDI_UCX_init_world(278).....: 
initial_address_exchange(121).:  ucx function returned with failed status(ucx_init.c 121 initial_address_exchange Input/output error)
Abort(608299535) on node 73: Fatal error in internal_Init_thread: Other MPI error, error stack:
internal_Init_thread(71)......: MPI_Init_thread(argc=(nil), argv=(nil), required=3, provided=0x7ffd68de3048) failed
MPII_Init_thread(282).........: 
MPIR_init_comm_world(34)......: 
MPIR_Comm_commit(794).........: 
MPIR_Comm_commit_internal(579): 
MPID_Comm_commit_pre_hook(151): 
MPIDI_world_pre_init(669).....: 
MPIDI_UCX_init_world(278).....: 
initial_address_exchange(121).:  ucx function returned with failed status(ucx_init.c 121 initial_address_exchange Input/output error)
Abort(138537487) on node 90: Fatal error in internal_Init_thread: Other MPI error, error stack:
internal_Init_thread(71)......: MPI_Init_thread(argc=(nil), argv=(nil), required=3, provided=0x7fffea33e318) failed
MPII_Init_thread(282).........: 
MPIR_init_comm_world(34)......: 
MPIR_Comm_commit(794).........: 
MPIR_Comm_commit_internal(579): 
MPID_Comm_commit_pre_hook(151): 
MPIDI_world_pre_init(669).....: 
MPIDI_UCX_init_world(278).....: 
initial_address_exchange(121).:  ucx function returned with failed status(ucx_init.c 121 initial_address_exchange Input/output error)
Abort(138537487) on node 69: Fatal error in internal_Init_thread: Other MPI error, error stack:
internal_Init_thread(71)......: MPI_Init_thread(argc=(nil), argv=(nil), required=3, provided=0x7ffddaa374c8) failed
MPII_Init_thread(282).........: 
MPIR_init_comm_world(34)......: 
MPIR_Comm_commit(794).........: 
MPIR_Comm_commit_internal(579): 
MPID_Comm_commit_pre_hook(151): 
MPIDI_world_pre_init(669).....: 
MPIDI_UCX_init_world(278).....: 
initial_address_exchange(121).:  ucx function returned with failed status(ucx_init.c 121 initial_address_exchange Input/output error)
Abort(205646351) on node 87: Fatal error in internal_Init_thread: Other MPI error, error stack:
internal_Init_thread(71)......: MPI_Init_thread(argc=(nil), argv=(nil), required=3, provided=0x7ffcbfde1f18) failed
MPII_Init_thread(282).........: 
MPIR_init_comm_world(34)......: 
MPIR_Comm_commit(794).........: 
MPIR_Comm_commit_internal(579): 
MPID_Comm_commit_pre_hook(151): 
MPIDI_world_pre_init(669).....: 
MPIDI_UCX_init_world(278).....: 
initial_address_exchange(121).:  ucx function returned with failed status(ucx_init.c 121 initial_address_exchange Input/output error)
Abort(339864079) on node 57: Fatal error in internal_Init_thread: Other MPI error, error stack:
internal_Init_thread(71)......: MPI_Init_thread(argc=(nil), argv=(nil), required=3, provided=0x7ffc951cdc28) failed
MPII_Init_thread(282).........: 
MPIR_init_comm_world(34)......: 
MPIR_Comm_commit(794).........: 
MPIR_Comm_commit_internal(579): 
MPID_Comm_commit_pre_hook(151): 
MPIDI_world_pre_init(669).....: 
MPIDI_UCX_init_world(278).....: 
initial_address_exchange(121).:  ucx function returned with failed status(ucx_init.c 121 initial_address_exchange Input/output error)
Abort(809626127) on node 74: Fatal error in internal_Init_thread: Other MPI error, error stack:
internal_Init_thread(71)......: MPI_Init_thread(argc=(nil), argv=(nil), required=3, provided=0x7ffc83ace688) failed
MPII_Init_thread(282).........: 
MPIR_init_comm_world(34)......: 
MPIR_Comm_commit(794).........: 
MPIR_Comm_commit_internal(579): 
MPID_Comm_commit_pre_hook(151): 
MPIDI_world_pre_init(669).....: 
MPIDI_UCX_init_world(278).....: 
initial_address_exchange(121).:  ucx function returned with failed status(ucx_init.c 121 initial_address_exchange Input/output error)
Abort(1010952719) on node 75: Fatal error in internal_Init_thread: Other MPI error, error stack:
internal_Init_thread(71)......: MPI_Init_thread(argc=(nil), argv=(nil), required=3, provided=0x7ffe69222778) failed
MPII_Init_thread(282).........: 
MPIR_init_comm_world(34)......: 
MPIR_Comm_commit(794).........: 
MPIR_Comm_commit_internal(579): 
MPID_Comm_commit_pre_hook(151): 
MPIDI_world_pre_init(669).....: 
MPIDI_UCX_init_world(278).....: 
initial_address_exchange(121).:  ucx function returned with failed status(ucx_init.c 121 initial_address_exchange Input/output error)
Abort(876734991) on node 85: Fatal error in internal_Init_thread: Other MPI error, error stack:
internal_Init_thread(71)......: MPI_Init_thread(argc=(nil), argv=(nil), required=3, provided=0x7ffce1c995c8) failed
MPII_Init_thread(282).........: 
MPIR_init_comm_world(34)......: 
MPIR_Comm_commit(794).........: 
MPIR_Comm_commit_internal(579): 
MPID_Comm_commit_pre_hook(151): 
MPIDI_world_pre_init(669).....: 
MPIDI_UCX_init_world(278).....: 
initial_address_exchange(121).:  ucx function returned with failed status(ucx_init.c 121 initial_address_exchange Input/output error)
Abort(474081807) on node 70: Fatal error in internal_Init_thread: Other MPI error, error stack:
internal_Init_thread(71)......: MPI_Init_thread(argc=(nil), argv=(nil), required=3, provided=0x7ffc02d10518) failed
MPII_Init_thread(282).........: 
MPIR_init_comm_world(34)......: 
MPIR_Comm_commit(794).........: 
MPIR_Comm_commit_internal(579): 
MPID_Comm_commit_pre_hook(151): 
MPIDI_world_pre_init(669).....: 
MPIDI_UCX_init_world(278).....: 
initial_address_exchange(121).:  ucx function returned with failed status(ucx_init.c 121 initial_address_exchange Input/output error)
Abort(675408399) on node 84: Fatal error in internal_Init_thread: Other MPI error, error stack:
internal_Init_thread(71)......: MPI_Init_thread(argc=(nil), argv=(nil), required=3, provided=0x7ffecf995688) failed
MPII_Init_thread(282).........: 
MPIR_init_comm_world(34)......: 
MPIR_Comm_commit(794).........: 
MPIR_Comm_commit_internal(579): 
MPID_Comm_commit_pre_hook(151): 
MPIDI_world_pre_init(669).....: 
MPIDI_UCX_init_world(278).....: 
initial_address_exchange(121).:  ucx function returned with failed status(ucx_init.c 121 initial_address_exchange Input/output error)
Abort(339864079) on node 100: Fatal error in internal_Init_thread: Other MPI error, error stack:
internal_Init_thread(71)......: MPI_Init_thread(argc=(nil), argv=(nil), required=3, provided=0x7ffe08fbbb58) failed
MPII_Init_thread(282).........: 
MPIR_init_comm_world(34)......: 
MPIR_Comm_commit(794).........: 
MPIR_Comm_commit_internal(579): 
MPID_Comm_commit_pre_hook(151): 
MPIDI_world_pre_init(669).....: 
MPIDI_UCX_init_world(278).....: 
initial_address_exchange(121).:  ucx function returned with failed status(ucx_init.c 121 initial_address_exchange Input/output error)
Abort(71428623) on node 81: Fatal error in internal_Init_thread: Other MPI error, error stack:
internal_Init_thread(71)......: MPI_Init_thread(argc=(nil), argv=(nil), required=3, provided=0x7ffebb911cc8) failed
MPII_Init_thread(282).........: 
MPIR_init_comm_world(34)......: 
MPIR_Comm_commit(794).........: 
MPIR_Comm_commit_internal(579): 
MPID_Comm_commit_pre_hook(151): 
MPIDI_world_pre_init(669).....: 
MPIDI_UCX_init_world(278).....: 
initial_address_exchange(121).:  ucx function returned with failed status(ucx_init.c 121 initial_address_exchange Input/output error)
Abort(272755215) on node 79: Fatal error in internal_Init_thread: Other MPI error, error stack:
internal_Init_thread(71)......: MPI_Init_thread(argc=(nil), argv=(nil), required=3, provided=0x7fff4240c8b8) failed
MPII_Init_thread(282).........: 
MPIR_init_comm_world(34)......: 
MPIR_Comm_commit(794).........: 
MPIR_Comm_commit_internal(579): 
MPID_Comm_commit_pre_hook(151): 
MPIDI_world_pre_init(669).....: 
MPIDI_UCX_init_world(278).....: 
initial_address_exchange(121).:  ucx function returned with failed status(ucx_init.c 121 initial_address_exchange Input/output error)
Abort(608299535) on node 88: Fatal error in internal_Init_thread: Other MPI error, error stack:
internal_Init_thread(71)......: MPI_Init_thread(argc=(nil), argv=(nil), required=3, provided=0x7ffce5c91f28) failed
MPII_Init_thread(282).........: 
MPIR_init_comm_world(34)......: 
MPIR_Comm_commit(794).........: 
MPIR_Comm_commit_internal(579): 
MPID_Comm_commit_pre_hook(151): 
MPIDI_world_pre_init(669).....: 
MPIDI_UCX_init_world(278).....: 
initial_address_exchange(121).:  ucx function returned with failed status(ucx_init.c 121 initial_address_exchange Input/output error)
Abort(742517263) on node 102: Fatal error in internal_Init_thread: Other MPI error, error stack:
internal_Init_thread(71)......: MPI_Init_thread(argc=(nil), argv=(nil), required=3, provided=0x7ffdc87eb6a8) failed
MPII_Init_thread(282).........: 
MPIR_init_comm_world(34)......: 
MPIR_Comm_commit(794).........: 
MPIR_Comm_commit_internal(579): 
MPID_Comm_commit_pre_hook(151): 
MPIDI_world_pre_init(669).....: 
MPIDI_UCX_init_world(278).....: 
initial_address_exchange(121).:  ucx function returned with failed status(ucx_init.c 121 initial_address_exchange Input/output error)
Abort(71428623) on node 64: Fatal error in internal_Init_thread: Other MPI error, error stack:
internal_Init_thread(71)......: MPI_Init_thread(argc=(nil), argv=(nil), required=3, provided=0x7ffd25111ff8) failed
MPII_Init_thread(282).........: 
MPIR_init_comm_world(34)......: 
MPIR_Comm_commit(794).........: 
MPIR_Comm_commit_internal(579): 
MPID_Comm_commit_pre_hook(151): 
MPIDI_world_pre_init(669).....: 
MPIDI_UCX_init_world(278).....: 
initial_address_exchange(121).:  ucx function returned with failed status(ucx_init.c 121 initial_address_exchange Input/output error)
Abort(406972943) on node 65: Fatal error in internal_Init_thread: Other MPI error, error stack:
internal_Init_thread(71)......: MPI_Init_thread(argc=(nil), argv=(nil), required=3, provided=0x7ffee5d01fe8) failed
MPII_Init_thread(282).........: 
MPIR_init_comm_world(34)......: 
MPIR_Comm_commit(794).........: 
MPIR_Comm_commit_internal(579): 
MPID_Comm_commit_pre_hook(151): 
MPIDI_world_pre_init(669).....: 
MPIDI_UCX_init_world(278).....: 
initial_address_exchange(121).:  ucx function returned with failed status(ucx_init.c 121 initial_address_exchange Input/output error)
Abort(138537487) on node 77: Fatal error in internal_Init_thread: Other MPI error, error stack:
internal_Init_thread(71)......: MPI_Init_thread(argc=(nil), argv=(nil), required=3, provided=0x7fff062ad4d8) failed
MPII_Init_thread(282).........: 
MPIR_init_comm_world(34)......: 
MPIR_Comm_commit(794).........: 
MPIR_Comm_commit_internal(579): 
MPID_Comm_commit_pre_hook(151): 
MPIDI_world_pre_init(669).....: 
MPIDI_UCX_init_world(278).....: 
initial_address_exchange(121).:  ucx function returned with failed status(ucx_init.c 121 initial_address_exchange Input/output error)
Abort(272755215) on node 82: Fatal error in internal_Init_thread: Other MPI error, error stack:
internal_Init_thread(71)......: MPI_Init_thread(argc=(nil), argv=(nil), required=3, provided=0x7ffed19e8768) failed
MPII_Init_thread(282).........: 
MPIR_init_comm_world(34)......: 
MPIR_Comm_commit(794).........: 
MPIR_Comm_commit_internal(579): 
MPID_Comm_commit_pre_hook(151): 
MPIDI_world_pre_init(669).....: 
MPIDI_UCX_init_world(278).....: 
initial_address_exchange(121).:  ucx function returned with failed status(ucx_init.c 121 initial_address_exchange Input/output error)
Abort(809626127) on node 58: Fatal error in internal_Init_thread: Other MPI error, error stack:
internal_Init_thread(71)......: MPI_Init_thread(argc=(nil), argv=(nil), required=3, provided=0x7ffc5860f3f8) failed
MPII_Init_thread(282).........: 
MPIR_init_comm_world(34)......: 
MPIR_Comm_commit(794).........: 
MPIR_Comm_commit_internal(579): 
MPID_Comm_commit_pre_hook(151): 
MPIDI_world_pre_init(669).....: 
MPIDI_UCX_init_world(278).....: 
initial_address_exchange(121).:  ucx function returned with failed status(ucx_init.c 121 initial_address_exchange Input/output error)
Abort(4319759) on node 83: Fatal error in internal_Init_thread: Other MPI error, error stack:
internal_Init_thread(71)......: MPI_Init_thread(argc=(nil), argv=(nil), required=3, provided=0x7ffe956af098) failed
MPII_Init_thread(282).........: 
MPIR_init_comm_world(34)......: 
MPIR_Comm_commit(794).........: 
MPIR_Comm_commit_internal(579): 
MPID_Comm_commit_pre_hook(151): 
MPIDI_world_pre_init(669).....: 
MPIDI_UCX_init_world(278).....: 
initial_address_exchange(121).:  ucx function returned with failed status(ucx_init.c 121 initial_address_exchange Input/output error)
Abort(1010952719) on node 172: Fatal error in internal_Init_thread: Other MPI error, error stack:
internal_Init_thread(71)......: MPI_Init_thread(argc=(nil), argv=(nil), required=3, provided=0x7ffd102e33f8) failed
MPII_Init_thread(282).........: 
MPIR_init_comm_world(34)......: 
MPIR_Comm_commit(794).........: 
MPIR_Comm_commit_internal(579): 
MPID_Comm_commit_pre_hook(151): 
MPIDI_world_pre_init(669).....: 
MPIDI_UCX_init_world(278).....: 
initial_address_exchange(121).:  ucx function returned with failed status(ucx_init.c 121 initial_address_exchange Input/output error)
Abort(1010952719) on node 178: Fatal error in internal_Init_thread: Other MPI error, error stack:
internal_Init_thread(71)......: MPI_Init_thread(argc=(nil), argv=(nil), required=3, provided=0x7ffcbdb26e08) failed
MPII_Init_thread(282).........: 
MPIR_init_comm_world(34)......: 
MPIR_Comm_commit(794).........: 
MPIR_Comm_commit_internal(579): 
MPID_Comm_commit_pre_hook(151): 
MPIDI_world_pre_init(669).....: 
MPIDI_UCX_init_world(278).....: 
initial_address_exchange(121).:  ucx function returned with failed status(ucx_init.c 121 initial_address_exchange Input/output error)
