Abort(742517263) on node 134: Fatal error in internal_Init_thread: Other MPI error, error stack:
internal_Init_thread(71)......: MPI_Init_thread(argc=(nil), argv=(nil), required=3, provided=0x7ffdfa9edd38) failed
MPII_Init_thread(282).........: 
MPIR_init_comm_world(34)......: 
MPIR_Comm_commit(794).........: 
MPIR_Comm_commit_internal(579): 
MPID_Comm_commit_pre_hook(151): 
MPIDI_world_pre_init(669).....: 
MPIDI_UCX_init_world(278).....: 
initial_address_exchange(121).:  ucx function returned with failed status(ucx_init.c 121 initial_address_exchange Input/output error)
Abort(205646351) on node 202: Fatal error in internal_Init_thread: Other MPI error, error stack:
internal_Init_thread(71)......: MPI_Init_thread(argc=(nil), argv=(nil), required=3, provided=0x7ffe406ef1a8) failed
MPII_Init_thread(282).........: 
MPIR_init_comm_world(34)......: 
MPIR_Comm_commit(794).........: 
MPIR_Comm_commit_internal(579): 
MPID_Comm_commit_pre_hook(151): 
MPIDI_world_pre_init(669).....: 
MPIDI_UCX_init_world(278).....: 
initial_address_exchange(121).:  ucx function returned with failed status(ucx_init.c 121 initial_address_exchange Input/output error)
Abort(205646351) on node 25: Fatal error in internal_Init_thread: Other MPI error, error stack:
internal_Init_thread(71)......: MPI_Init_thread(argc=(nil), argv=(nil), required=3, provided=0x7ffecd9cd798) failed
MPII_Init_thread(282).........: 
MPIR_init_comm_world(34)......: 
MPIR_Comm_commit(794).........: 
MPIR_Comm_commit_internal(579): 
MPID_Comm_commit_pre_hook(151): 
MPIDI_world_pre_init(669).....: 
MPIDI_UCX_init_world(278).....: 
initial_address_exchange(121).:  ucx function returned with failed status(ucx_init.c 121 initial_address_exchange Input/output error)
Abort(406972943) on node 105: Fatal error in internal_Init_thread: Other MPI error, error stack:
internal_Init_thread(71)......: MPI_Init_thread(argc=(nil), argv=(nil), required=3, provided=0x7ffdc5128e38) failed
MPII_Init_thread(282).........: 
MPIR_init_comm_world(34)......: 
MPIR_Comm_commit(794).........: 
MPIR_Comm_commit_internal(579): 
MPID_Comm_commit_pre_hook(151): 
MPIDI_world_pre_init(669).....: 
MPIDI_UCX_init_world(278).....: 
initial_address_exchange(121).:  ucx function returned with failed status(ucx_init.c 121 initial_address_exchange Input/output error)
Abort(742517263) on node 164: Fatal error in internal_Init_thread: Other MPI error, error stack:
internal_Init_thread(71)......: MPI_Init_thread(argc=(nil), argv=(nil), required=3, provided=0x7ffeecdfe178) failed
MPII_Init_thread(282).........: 
MPIR_init_comm_world(34)......: 
MPIR_Comm_commit(794).........: 
MPIR_Comm_commit_internal(579): 
MPID_Comm_commit_pre_hook(151): 
MPIDI_world_pre_init(669).....: 
MPIDI_UCX_init_world(278).....: 
initial_address_exchange(121).:  ucx function returned with failed status(ucx_init.c 121 initial_address_exchange Input/output error)
Abort(339864079) on node 97: Fatal error in internal_Init_thread: Other MPI error, error stack:
internal_Init_thread(71)......: MPI_Init_thread(argc=(nil), argv=(nil), required=3, provided=0x7ffcd4c4b8b8) failed
MPII_Init_thread(282).........: 
MPIR_init_comm_world(34)......: 
MPIR_Comm_commit(794).........: 
MPIR_Comm_commit_internal(579): 
MPID_Comm_commit_pre_hook(151): 
MPIDI_world_pre_init(669).....: 
MPIDI_UCX_init_world(278).....: 
initial_address_exchange(121).:  ucx function returned with failed status(ucx_init.c 121 initial_address_exchange Input/output error)
Abort(541190671) on node 56: Fatal error in internal_Init_thread: Other MPI error, error stack:
internal_Init_thread(71)......: MPI_Init_thread(argc=(nil), argv=(nil), required=3, provided=0x7fff3e011898) failed
MPII_Init_thread(282).........: 
MPIR_init_comm_world(34)......: 
MPIR_Comm_commit(794).........: 
MPIR_Comm_commit_internal(579): 
MPID_Comm_commit_pre_hook(151): 
MPIDI_world_pre_init(669).....: 
MPIDI_UCX_init_world(278).....: 
initial_address_exchange(121).:  ucx function returned with failed status(ucx_init.c 121 initial_address_exchange Input/output error)
Abort(1010952719) on node 178: Fatal error in internal_Init_thread: Other MPI error, error stack:
internal_Init_thread(71)......: MPI_Init_thread(argc=(nil), argv=(nil), required=3, provided=0x7fffc6519ee8) failed
MPII_Init_thread(282).........: 
MPIR_init_comm_world(34)......: 
MPIR_Comm_commit(794).........: 
MPIR_Comm_commit_internal(579): 
MPID_Comm_commit_pre_hook(151): 
MPIDI_world_pre_init(669).....: 
MPIDI_UCX_init_world(278).....: 
initial_address_exchange(121).:  ucx function returned with failed status(ucx_init.c 121 initial_address_exchange Input/output error)
Abort(272755215) on node 48: Fatal error in internal_Init_thread: Other MPI error, error stack:
internal_Init_thread(71)......: MPI_Init_thread(argc=(nil), argv=(nil), required=3, provided=0x7fffd430db68) failed
MPII_Init_thread(282).........: 
MPIR_init_comm_world(34)......: 
MPIR_Comm_commit(794).........: 
MPIR_Comm_commit_internal(579): 
MPID_Comm_commit_pre_hook(151): 
MPIDI_world_pre_init(669).....: 
MPIDI_UCX_init_world(278).....: 
initial_address_exchange(121).:  ucx function returned with failed status(ucx_init.c 121 initial_address_exchange Input/output error)
Abort(1010952719) on node 161: Fatal error in internal_Init_thread: Other MPI error, error stack:
internal_Init_thread(71)......: MPI_Init_thread(argc=(nil), argv=(nil), required=3, provided=0x7ffe67088d28) failed
MPII_Init_thread(282).........: 
MPIR_init_comm_world(34)......: 
MPIR_Comm_commit(794).........: 
MPIR_Comm_commit_internal(579): 
MPID_Comm_commit_pre_hook(151): 
MPIDI_world_pre_init(669).....: 
MPIDI_UCX_init_world(278).....: 
initial_address_exchange(121).:  ucx function returned with failed status(ucx_init.c 121 initial_address_exchange Input/output error)
Abort(71428623) on node 185: Fatal error in internal_Init_thread: Other MPI error, error stack:
internal_Init_thread(71)......: MPI_Init_thread(argc=(nil), argv=(nil), required=3, provided=0x7ffe66e9fb38) failed
MPII_Init_thread(282).........: 
MPIR_init_comm_world(34)......: 
MPIR_Comm_commit(794).........: 
MPIR_Comm_commit_internal(579): 
MPID_Comm_commit_pre_hook(151): 
MPIDI_world_pre_init(669).....: 
MPIDI_UCX_init_world(278).....: 
initial_address_exchange(121).:  ucx function returned with failed status(ucx_init.c 121 initial_address_exchange Input/output error)
Abort(138537487) on node 31: Fatal error in internal_Init_thread: Other MPI error, error stack:
internal_Init_thread(71)......: MPI_Init_thread(argc=(nil), argv=(nil), required=3, provided=0x7ffc4e135f08) failed
MPII_Init_thread(282).........: 
MPIR_init_comm_world(34)......: 
MPIR_Comm_commit(794).........: 
MPIR_Comm_commit_internal(579): 
MPID_Comm_commit_pre_hook(151): 
MPIDI_world_pre_init(669).....: 
MPIDI_UCX_init_world(278).....: 
initial_address_exchange(121).:  ucx function returned with failed status(ucx_init.c 121 initial_address_exchange Input/output error)
[proxy:1@c513-064.stampede3.tacc.utexas.edu] HYD_pmcd_pmip_control_cmd_cb (proxy/pmip_cb.c:487): assert (!closed) failed
[proxy:1@c513-064.stampede3.tacc.utexas.edu] HYDT_dmxu_poll_wait_for_event (lib/tools/demux/demux_poll.c:76): callback returned error status
[proxy:1@c513-064.stampede3.tacc.utexas.edu] main (proxy/pmip.c:182): demux engine error waiting for event
srun: error: c513-064: task 1: Exited with exit code 7
[mpiexec@c511-133.stampede3.tacc.utexas.edu] HYDT_bscu_wait_for_completion (lib/tools/bootstrap/utils/bscu_wait.c:109): one of the processes terminated badly; aborting
[mpiexec@c511-133.stampede3.tacc.utexas.edu] HYDT_bsci_wait_for_completion (lib/tools/bootstrap/src/bsci_wait.c:21): launcher returned error waiting for completion
[mpiexec@c511-133.stampede3.tacc.utexas.edu] HYD_pmci_wait_for_completion (mpiexec/pmiserv_pmci.c:196): launcher returned error waiting for completion
[mpiexec@c511-133.stampede3.tacc.utexas.edu] main (mpiexec/mpiexec.c:260): process manager error waiting for completion
Abort(272755215) on node 168: Fatal error in internal_Init_thread: Other MPI error, error stack:
internal_Init_thread(71)......: MPI_Init_thread(argc=(nil), argv=(nil), required=3, provided=0x7ffc7e322f18) failed
MPII_Init_thread(282).........: 
MPIR_init_comm_world(34)......: 
MPIR_Comm_commit(794).........: 
MPIR_Comm_commit_internal(579): 
MPID_Comm_commit_pre_hook(151): 
MPIDI_world_pre_init(669).....: 
MPIDI_UCX_init_world(278).....: 
initial_address_exchange(121).:  ucx function returned with failed status(ucx_init.c 121 initial_address_exchange Input/output error)
Abort(205646351) on node 44: Fatal error in internal_Init_thread: Other MPI error, error stack:
internal_Init_thread(71)......: MPI_Init_thread(argc=(nil), argv=(nil), required=3, provided=0x7ffdc1700f78) failed
MPII_Init_thread(282).........: 
MPIR_init_comm_world(34)......: 
MPIR_Comm_commit(794).........: 
MPIR_Comm_commit_internal(579): 
MPID_Comm_commit_pre_hook(151): 
MPIDI_world_pre_init(669).....: 
MPIDI_UCX_init_world(278).....: 
initial_address_exchange(121).:  ucx function returned with failed status(ucx_init.c 121 initial_address_exchange Input/output error)
Abort(138537487) on node 149: Fatal error in internal_Init_thread: Other MPI error, error stack:
internal_Init_thread(71)......: MPI_Init_thread(argc=(nil), argv=(nil), required=3, provided=0x7ffdbd4db3d8) failed
MPII_Init_thread(282).........: 
MPIR_init_comm_world(34)......: 
MPIR_Comm_commit(794).........: 
MPIR_Comm_commit_internal(579): 
MPID_Comm_commit_pre_hook(151): 
MPIDI_world_pre_init(669).....: 
MPIDI_UCX_init_world(278).....: 
initial_address_exchange(121).:  ucx function returned with failed status(ucx_init.c 121 initial_address_exchange Input/output error)
Abort(205646351) on node 39: Fatal error in internal_Init_thread: Other MPI error, error stack:
internal_Init_thread(71)......: MPI_Init_thread(argc=(nil), argv=(nil), required=3, provided=0x7ffc3381f0d8) failed
MPII_Init_thread(282).........: 
MPIR_init_comm_world(34)......: 
MPIR_Comm_commit(794).........: 
MPIR_Comm_commit_internal(579): 
MPID_Comm_commit_pre_hook(151): 
MPIDI_world_pre_init(669).....: 
MPIDI_UCX_init_world(278).....: 
initial_address_exchange(121).:  ucx function returned with failed status(ucx_init.c 121 initial_address_exchange Input/output error)
Abort(541190671) on node 136: Fatal error in internal_Init_thread: Other MPI error, error stack:
internal_Init_thread(71)......: MPI_Init_thread(argc=(nil), argv=(nil), required=3, provided=0x7fff64c50cf8) failed
MPII_Init_thread(282).........: 
MPIR_init_comm_world(34)......: 
MPIR_Comm_commit(794).........: 
MPIR_Comm_commit_internal(579): 
MPID_Comm_commit_pre_hook(151): 
MPIDI_world_pre_init(669).....: 
MPIDI_UCX_init_world(278).....: 
initial_address_exchange(121).:  ucx function returned with failed status(ucx_init.c 121 initial_address_exchange Input/output error)
Abort(138537487) on node 6: Fatal error in internal_Init_thread: Other MPI error, error stack:
internal_Init_thread(71)......: MPI_Init_thread(argc=(nil), argv=(nil), required=3, provided=0x7ffd8c76efd8) failed
MPII_Init_thread(282).........: 
MPIR_init_comm_world(34)......: 
MPIR_Comm_commit(794).........: 
MPIR_Comm_commit_internal(579): 
MPID_Comm_commit_pre_hook(151): 
MPIDI_world_pre_init(669).....: 
MPIDI_UCX_init_world(278).....: 
initial_address_exchange(121).:  ucx function returned with failed status(ucx_init.c 121 initial_address_exchange Input/output error)
